<?xml version="1.0" encoding="UTF-8"?>
<testsuite xmlns:xsi="http://www.w3.org/2001/XMLSchema-instance" xsi:noNamespaceSchemaLocation="https://maven.apache.org/surefire/maven-surefire-plugin/xsd/surefire-test-report.xsd" name="edu.neu.ccs.cs5004.assignment7.StockItemTest" time="0" tests="3" errors="0" skipped="0" failures="0">
  <properties>
[...]
</properties>
  <testcase name="getProduct" classname="edu.neu.ccs.cs5004.assignment7.StockItemTest" time="0"/>
  <testcase name="getQuantity" classname="edu.neu.ccs.cs5004.assignment7.StockItemTest" time="0"/>
  <testcase name="reduceQuantity" classname="edu.neu.ccs.cs5004.assignment7.StockItemTest" time="0"/>
</testsuite>